Flow report for lil_procy
Thu Apr 25 18:58:18 2019
Quartus II 64-Bit Version 13.0.1 Build 232 06/12/2013 Service Pack 1 SJ Full Version


---------------------
; Table of Contents ;
---------------------
  1. Legal Notice
  2. Flow Summary
  3. Flow Settings
  4. Flow Non-Default Global Settings
  5. Flow Elapsed Time
  6. Flow OS Summary
  7. Flow Log
  8. Flow Messages
  9. Flow Suppressed Messages



----------------
; Legal Notice ;
----------------
Copyright (C) 1991-2013 Altera Corporation
Your use of Altera Corporation's design tools, logic functions 
and other software and tools, and its AMPP partner logic 
functions, and any output files from any of the foregoing 
(including device programming or simulation files), and any 
associated documentation or information are expressly subject 
to the terms and conditions of the Altera Program License 
Subscription Agreement, Altera MegaCore Function License 
Agreement, or other applicable license agreement, including, 
without limitation, that your use is for the sole purpose of 
programming logic devices manufactured by Altera and sold by 
Altera or its authorized distributors.  Please refer to the 
applicable agreement for further details.



+---------------------------------------------------------------------------------------+
; Flow Summary                                                                          ;
+------------------------------------+--------------------------------------------------+
; Flow Status                        ; Successful - Thu Apr 25 18:58:18 2019            ;
; Quartus II 64-Bit Version          ; 13.0.1 Build 232 06/12/2013 SP 1 SJ Full Version ;
; Revision Name                      ; lil_procy                                        ;
; Top-level Entity Name              ; lil_procy                                        ;
; Family                             ; Cyclone II                                       ;
; Device                             ; EP2C35F672C6                                     ;
; Timing Models                      ; Final                                            ;
; Total logic elements               ; 2,721 / 33,216 ( 8 % )                           ;
;     Total combinational functions  ; 2,310 / 33,216 ( 7 % )                           ;
;     Dedicated logic registers      ; 1,272 / 33,216 ( 4 % )                           ;
; Total registers                    ; 1272                                             ;
; Total pins                         ; 1 / 475 ( < 1 % )                                ;
; Total virtual pins                 ; 0                                                ;
; Total memory bits                  ; 16,384 / 483,840 ( 3 % )                         ;
; Embedded Multiplier 9-bit elements ; 6 / 70 ( 9 % )                                   ;
; Total PLLs                         ; 1 / 4 ( 25 % )                                   ;
+------------------------------------+--------------------------------------------------+


+-----------------------------------------+
; Flow Settings                           ;
+-------------------+---------------------+
; Option            ; Setting             ;
+-------------------+---------------------+
; Start date & time ; 04/25/2019 18:56:56 ;
; Main task         ; Compilation         ;
; Revision Name     ; lil_procy           ;
+-------------------+---------------------+


+-----------------------------------------------------------------------------------------------------------------------------------------------------------------------------+
; Flow Non-Default Global Settings                                                                                                                                            ;
+-------------------------------------------------+-----------------------------------------------------------+--------------------------------+-------------+----------------+
; Assignment Name                                 ; Value                                                     ; Default Value                  ; Entity Name ; Section Id     ;
+-------------------------------------------------+-----------------------------------------------------------+--------------------------------+-------------+----------------+
; ADV_NETLIST_OPT_SYNTH_WYSIWYG_REMAP             ; On                                                        ; Off                            ; --          ; --             ;
; ALLOW_ANY_RAM_SIZE_FOR_RECOGNITION              ; On                                                        ; Off                            ; --          ; --             ;
; ALLOW_ANY_ROM_SIZE_FOR_RECOGNITION              ; On                                                        ; Off                            ; --          ; --             ;
; ALLOW_ANY_SHIFT_REGISTER_SIZE_FOR_RECOGNITION   ; On                                                        ; Off                            ; --          ; --             ;
; ALLOW_SHIFT_REGISTER_MERGING_ACROSS_HIERARCHIES ; Always                                                    ; Auto                           ; --          ; --             ;
; AUTO_PACKED_REGISTERS_STRATIXII                 ; Normal                                                    ; Auto                           ; --          ; --             ;
; AUTO_SHIFT_REGISTER_RECOGNITION                 ; Always                                                    ; Auto                           ; --          ; --             ;
; COMPILER_SIGNATURE_ID                           ; 48549626666167.155623301408372                            ; --                             ; --          ; --             ;
; CYCLONEII_OPTIMIZATION_TECHNIQUE                ; Speed                                                     ; Balanced                       ; --          ; --             ;
; EDA_OUTPUT_DATA_FORMAT                          ; Vhdl                                                      ; --                             ; --          ; eda_simulation ;
; EDA_SIMULATION_TOOL                             ; ModelSim-Altera (VHDL)                                    ; <None>                         ; --          ; --             ;
; ENABLE_DRC_SETTINGS                             ; On                                                        ; Off                            ; --          ; --             ;
; ENABLE_SIGNALTAP                                ; Off                                                       ; --                             ; --          ; --             ;
; FITTER_EFFORT                                   ; Standard Fit                                              ; Auto Fit                       ; --          ; --             ;
; IP_TOOL_NAME                                    ; LPM_MUX                                                   ; --                             ; --          ; --             ;
; IP_TOOL_NAME                                    ; PARALLEL_ADD                                              ; --                             ; --          ; --             ;
; IP_TOOL_NAME                                    ; LPM_MUX                                                   ; --                             ; --          ; --             ;
; IP_TOOL_NAME                                    ; LPM_MUX                                                   ; --                             ; --          ; --             ;
; IP_TOOL_NAME                                    ; RAM: 1-PORT                                               ; --                             ; --          ; --             ;
; IP_TOOL_NAME                                    ; LPM_MUX                                                   ; --                             ; --          ; --             ;
; IP_TOOL_NAME                                    ; ALTPLL                                                    ; --                             ; --          ; --             ;
; IP_TOOL_NAME                                    ; LPM_MUX                                                   ; --                             ; --          ; --             ;
; IP_TOOL_NAME                                    ; LPM_MUX                                                   ; --                             ; --          ; --             ;
; IP_TOOL_VERSION                                 ; 13.0                                                      ; --                             ; --          ; --             ;
; IP_TOOL_VERSION                                 ; 13.0                                                      ; --                             ; --          ; --             ;
; IP_TOOL_VERSION                                 ; 13.0                                                      ; --                             ; --          ; --             ;
; IP_TOOL_VERSION                                 ; 13.0                                                      ; --                             ; --          ; --             ;
; IP_TOOL_VERSION                                 ; 13.0                                                      ; --                             ; --          ; --             ;
; IP_TOOL_VERSION                                 ; 13.0                                                      ; --                             ; --          ; --             ;
; IP_TOOL_VERSION                                 ; 13.0                                                      ; --                             ; --          ; --             ;
; IP_TOOL_VERSION                                 ; 13.0                                                      ; --                             ; --          ; --             ;
; IP_TOOL_VERSION                                 ; 13.0                                                      ; --                             ; --          ; --             ;
; MAX_CORE_JUNCTION_TEMP                          ; 85                                                        ; --                             ; --          ; --             ;
; MIN_CORE_JUNCTION_TEMP                          ; 0                                                         ; --                             ; --          ; --             ;
; MISC_FILE                                       ; pcsrc_mux.bsf                                             ; --                             ; --          ; --             ;
; MISC_FILE                                       ; pcsrc_mux_bb.v                                            ; --                             ; --          ; --             ;
; MISC_FILE                                       ; inc_pc.bsf                                                ; --                             ; --          ; --             ;
; MISC_FILE                                       ; inc_pc_bb.v                                               ; --                             ; --          ; --             ;
; MISC_FILE                                       ; b_mux.bsf                                                 ; --                             ; --          ; --             ;
; MISC_FILE                                       ; b_mux_bb.v                                                ; --                             ; --          ; --             ;
; MISC_FILE                                       ; a_sel.bsf                                                 ; --                             ; --          ; --             ;
; MISC_FILE                                       ; a_sel_bb.v                                                ; --                             ; --          ; --             ;
; MISC_FILE                                       ; dmem.bsf                                                  ; --                             ; --          ; --             ;
; MISC_FILE                                       ; dmem_bb.v                                                 ; --                             ; --          ; --             ;
; MISC_FILE                                       ; dmem_syn.v                                                ; --                             ; --          ; --             ;
; MISC_FILE                                       ; wb_mux.bsf                                                ; --                             ; --          ; --             ;
; MISC_FILE                                       ; wb_mux_bb.v                                               ; --                             ; --          ; --             ;
; MISC_FILE                                       ; pll.bsf                                                   ; --                             ; --          ; --             ;
; MISC_FILE                                       ; pll_bb.v                                                  ; --                             ; --          ; --             ;
; MISC_FILE                                       ; pll.ppf                                                   ; --                             ; --          ; --             ;
; MISC_FILE                                       ; data_a_mux.bsf                                            ; --                             ; --          ; --             ;
; MISC_FILE                                       ; data_a_mux_bb.v                                           ; --                             ; --          ; --             ;
; MISC_FILE                                       ; data_b_mux.bsf                                            ; --                             ; --          ; --             ;
; MISC_FILE                                       ; data_b_mux_bb.v                                           ; --                             ; --          ; --             ;
; MUX_RESTRUCTURE                                 ; Off                                                       ; Auto                           ; --          ; --             ;
; OPTIMIZE_HOLD_TIMING                            ; All Paths                                                 ; IO Paths and Minimum TPD Paths ; --          ; --             ;
; PARTITION_COLOR                                 ; 16764057                                                  ; --                             ; --          ; Top            ;
; PARTITION_FITTER_PRESERVATION_LEVEL             ; PLACEMENT_AND_ROUTING                                     ; --                             ; --          ; Top            ;
; PARTITION_NETLIST_TYPE                          ; SOURCE                                                    ; --                             ; --          ; Top            ;
; PHYSICAL_SYNTHESIS_COMBO_LOGIC                  ; On                                                        ; Off                            ; --          ; --             ;
; PHYSICAL_SYNTHESIS_COMBO_LOGIC_FOR_AREA         ; On                                                        ; Off                            ; --          ; --             ;
; PHYSICAL_SYNTHESIS_MAP_LOGIC_TO_MEMORY_FOR_AREA ; On                                                        ; Off                            ; --          ; --             ;
; PHYSICAL_SYNTHESIS_REGISTER_DUPLICATION         ; On                                                        ; Off                            ; --          ; --             ;
; PHYSICAL_SYNTHESIS_REGISTER_RETIMING            ; On                                                        ; Off                            ; --          ; --             ;
; PLACEMENT_EFFORT_MULTIPLIER                     ; 4.0                                                       ; 1.0                            ; --          ; --             ;
; POWER_BOARD_THERMAL_MODEL                       ; None (CONSERVATIVE)                                       ; --                             ; --          ; --             ;
; POWER_PRESET_COOLING_SOLUTION                   ; 23 MM HEAT SINK WITH 200 LFPM AIRFLOW                     ; --                             ; --          ; --             ;
; PROJECT_OUTPUT_DIRECTORY                        ; output_files                                              ; --                             ; --          ; --             ;
; REMOVE_REDUNDANT_LOGIC_CELLS                    ; On                                                        ; Off                            ; --          ; --             ;
; ROUTER_EFFORT_MULTIPLIER                        ; 2.0                                                       ; 1.0                            ; --          ; --             ;
; ROUTER_TIMING_OPTIMIZATION_LEVEL                ; MAXIMUM                                                   ; Normal                         ; --          ; --             ;
; SLD_FILE                                        ; U:/ENGN1640/lil_procy/output_files/stp1_auto_stripped.stp ; --                             ; --          ; --             ;
; SMART_RECOMPILE                                 ; On                                                        ; Off                            ; --          ; --             ;
; SYNTH_TIMING_DRIVEN_SYNTHESIS                   ; On                                                        ; Off                            ; --          ; --             ;
; USE_SIGNALTAP_FILE                              ; output_files/stp1.stp                                     ; --                             ; --          ; --             ;
+-------------------------------------------------+-----------------------------------------------------------+--------------------------------+-------------+----------------+


+-------------------------------------------------------------------------------------------------------------------------------+
; Flow Elapsed Time                                                                                                             ;
+---------------------------+--------------+-------------------------+---------------------+------------------------------------+
; Module Name               ; Elapsed Time ; Average Processors Used ; Peak Virtual Memory ; Total CPU Time (on all processors) ;
+---------------------------+--------------+-------------------------+---------------------+------------------------------------+
; Analysis & Synthesis      ; 00:00:25     ; 1.0                     ; 4749 MB             ; 00:00:18                           ;
; Fitter                    ; 00:00:31     ; 1.7                     ; 5436 MB             ; 00:00:42                           ;
; Assembler                 ; 00:00:05     ; 1.0                     ; 4594 MB             ; 00:00:03                           ;
; TimeQuest Timing Analyzer ; 00:00:04     ; 1.0                     ; 4638 MB             ; 00:00:02                           ;
; Design Assistant          ; 00:00:02     ; 1.0                     ; 4579 MB             ; 00:00:02                           ;
; EDA Netlist Writer        ; 00:00:05     ; 1.0                     ; 4569 MB             ; 00:00:03                           ;
; Total                     ; 00:01:12     ; --                      ; --                  ; 00:01:10                           ;
+---------------------------+--------------+-------------------------+---------------------+------------------------------------+


+----------------------------------------------------------------------------------------+
; Flow OS Summary                                                                        ;
+---------------------------+------------------+-----------+------------+----------------+
; Module Name               ; Machine Hostname ; OS Name   ; OS Version ; Processor type ;
+---------------------------+------------------+-----------+------------+----------------+
; Analysis & Synthesis      ; ENG-EL09         ; Windows 7 ; 6.2        ; x86_64         ;
; Fitter                    ; ENG-EL09         ; Windows 7 ; 6.2        ; x86_64         ;
; Assembler                 ; ENG-EL09         ; Windows 7 ; 6.2        ; x86_64         ;
; TimeQuest Timing Analyzer ; ENG-EL09         ; Windows 7 ; 6.2        ; x86_64         ;
; Design Assistant          ; ENG-EL09         ; Windows 7 ; 6.2        ; x86_64         ;
; EDA Netlist Writer        ; ENG-EL09         ; Windows 7 ; 6.2        ; x86_64         ;
+---------------------------+------------------+-----------+------------+----------------+


------------
; Flow Log ;
------------
quartus_map --read_settings_files=on --write_settings_files=off lil_procy -c lil_procy
quartus_fit --read_settings_files=off --write_settings_files=off lil_procy -c lil_procy
quartus_asm --read_settings_files=off --write_settings_files=off lil_procy -c lil_procy
quartus_sta lil_procy -c lil_procy
quartus_drc --read_settings_files=off --write_settings_files=off lil_procy -c lil_procy
quartus_eda --read_settings_files=off --write_settings_files=off lil_procy -c lil_procy



